/*C35577*/SET SCHEMA PUBLIC
DELETE FROM INVENTORY WHERE PLAYER_ID=15 AND INGREDIENT_ID=18
INSERT INTO INVENTORY VALUES(15,18,3)
COMMIT
INSERT INTO KNOWLEDGE_BOOK VALUES(15,18,6)
COMMIT
DELETE FROM INVENTORY WHERE PLAYER_ID=15 AND INGREDIENT_ID=79
INSERT INTO INVENTORY VALUES(15,79,3)
COMMIT
DELETE FROM INVENTORY WHERE PLAYER_ID=15 AND INGREDIENT_ID=85
INSERT INTO INVENTORY VALUES(15,85,6)
COMMIT
INSERT INTO POTIONS VALUES(10,'Potion of Climbing & Frost',79,85,'Brewed by a level 10 alchemist using Snake Skin and Stinkhorn Cap. It harnesses the effects of Climbing & Frost and lasts for 2 minutes minutes.',2.0E0,10,'1d12 or 9')
COMMIT
INSERT INTO POTION_EFFECTS VALUES(10,28)
COMMIT
INSERT INTO POTION_EFFECTS VALUES(10,38)
COMMIT
INSERT INTO PLAYER_POTIONS VALUES(15,10,1)
COMMIT
